Running 7 test cases...
boost_report.cpp(33): error in "test_no_type": check compile_time_test failed. failures.cpp:81: Test case has no nested type
boost_report.cpp(33): error in "test_no_type_value": check compile_time_test failed. failures.cpp:82: Result of test case has no nested boolean value
boost_report.cpp(33): error in "test_fail": check compile_time_test failed. failures.cpp:83: false_
boost_report.cpp(33): error in "test_fail_with_to_equal": check compile_time_test failed. failures.cpp:84: equal_to<int_<11>, int_<40>>
boost_report.cpp(33): error in "test_fail_with_is_same": check compile_time_test failed. failures.cpp:85: is_same<int, double>
boost_report.cpp(33): error in "test_fail_complex_expression": check compile_time_test failed. failures.cpp:86: not_<and_<or_<true_, false_>, true_>>
